<?xml version="1.0" encoding="UTF-8"?>
<testng-results skipped="0" failed="0" total="1" passed="1">
  <reporter-output>
  </reporter-output>
  <suite name="Default suite" duration-ms="130" started-at="2017-09-25T06:22:25Z" finished-at="2017-09-25T06:22:25Z">
    <groups>
    </groups>
    <test name="Default test" duration-ms="130" started-at="2017-09-25T06:22:25Z" finished-at="2017-09-25T06:22:25Z">
      <class name="com.citi.gr.CitiMain">
        <test-method status="PASS" signature="main()[pri:1, instance:com.citi.gr.CitiMain@5622fdf]" name="main" duration-ms="109" started-at="2017-09-25T11:52:25Z" finished-at="2017-09-25T11:52:25Z">
          <reporter-output>
          </reporter-output>
        </test-method> <!-- main -->
      </class> <!-- com.citi.gr.CitiMain -->
    </test> <!-- Default test -->
  </suite> <!-- Default suite -->
</testng-results>
